0 info it worked if it ends with ok
1 verbose cli [ '/usr/local/Cellar/node/5.10.0/bin/node',
1 verbose cli   '/usr/local/bin/npm',
1 verbose cli   'install',
1 verbose cli   '-g',
1 verbose cli   'ionic' ]
2 info using npm@3.8.3
3 info using node@v5.10.0
4 silly loadCurrentTree Starting
5 silly install loadCurrentTree
6 silly install readGlobalPackageData
7 silly fetchPackageMetaData ionic
8 silly fetchNamedPackageData ionic
9 silly mapToRegistry name ionic
10 silly mapToRegistry using default registry
11 silly mapToRegistry registry https://registry.npmjs.org/
12 silly mapToRegistry data Result {
12 silly mapToRegistry   raw: 'ionic',
12 silly mapToRegistry   scope: null,
12 silly mapToRegistry   name: 'ionic',
12 silly mapToRegistry   rawSpec: '',
12 silly mapToRegistry   spec: 'latest',
12 silly mapToRegistry   type: 'tag' }
13 silly mapToRegistry uri https://registry.npmjs.org/ionic
14 verbose request uri https://registry.npmjs.org/ionic
15 verbose request no auth needed
16 info attempt registry request try #1 at 16:29:23
17 verbose request id 4860a3b9f562e8c2
18 verbose etag "50OWXNJR23DNSNBF5G6YB4ZET"
19 http request GET https://registry.npmjs.org/ionic
20 http 200 https://registry.npmjs.org/ionic
21 verbose headers { server: 'CouchDB/1.5.0 (Erlang OTP/R16B03)',
21 verbose headers   etag: '"BT9FRXBXCS5RLKSH6HK3II6U8"',
21 verbose headers   'content-type': 'application/json',
21 verbose headers   'content-encoding': 'gzip',
21 verbose headers   'cache-control': 'max-age=300',
21 verbose headers   'content-length': '62871',
21 verbose headers   'accept-ranges': 'bytes',
21 verbose headers   date: 'Sat, 11 Jun 2016 08:29:25 GMT',
21 verbose headers   via: '1.1 varnish',
21 verbose headers   age: '0',
21 verbose headers   connection: 'keep-alive',
21 verbose headers   'x-served-by': 'cache-lhr6339-LHR',
21 verbose headers   'x-cache': 'HIT',
21 verbose headers   'x-cache-hits': '1',
21 verbose headers   'x-timer': 'S1465633764.797137,VS0,VE372',
21 verbose headers   vary: 'Accept-Encoding' }
22 silly get cb [ 200,
22 silly get   { server: 'CouchDB/1.5.0 (Erlang OTP/R16B03)',
22 silly get     etag: '"BT9FRXBXCS5RLKSH6HK3II6U8"',
22 silly get     'content-type': 'application/json',
22 silly get     'content-encoding': 'gzip',
22 silly get     'cache-control': 'max-age=300',
22 silly get     'content-length': '62871',
22 silly get     'accept-ranges': 'bytes',
22 silly get     date: 'Sat, 11 Jun 2016 08:29:25 GMT',
22 silly get     via: '1.1 varnish',
22 silly get     age: '0',
22 silly get     connection: 'keep-alive',
22 silly get     'x-served-by': 'cache-lhr6339-LHR',
22 silly get     'x-cache': 'HIT',
22 silly get     'x-cache-hits': '1',
22 silly get     'x-timer': 'S1465633764.797137,VS0,VE372',
22 silly get     vary: 'Accept-Encoding' } ]
23 verbose get saving ionic to /Users/chengaoxing/.npm/registry.npmjs.org/ionic/.cache.json
24 verbose correctMkdir /Users/chengaoxing/.npm correctMkdir not in flight; initializing
25 silly install normalizeTree
26 silly loadCurrentTree Finishing
27 silly loadIdealTree Starting
28 silly install loadIdealTree
29 silly cloneCurrentTree Starting
30 silly install cloneCurrentTreeToIdealTree
31 silly cloneCurrentTree Finishing
32 silly loadShrinkwrap Starting
33 silly install loadShrinkwrap
34 silly loadShrinkwrap Finishing
35 silly loadAllDepsIntoIdealTree Starting
36 silly install loadAllDepsIntoIdealTree
37 silly resolveWithNewModule ionic@1.7.15 checking installable status
38 silly cache add args [ 'ionic', null ]
39 verbose cache add spec ionic
40 silly cache add parsed spec Result {
40 silly cache add   raw: 'ionic',
40 silly cache add   scope: null,
40 silly cache add   name: 'ionic',
40 silly cache add   rawSpec: '',
40 silly cache add   spec: 'latest',
40 silly cache add   type: 'tag' }
41 silly addNamed ionic@latest
42 verbose addNamed "latest" is being treated as a dist-tag for ionic
43 info addNameTag [ 'ionic', 'latest' ]
44 silly mapToRegistry name ionic
45 silly mapToRegistry using default registry
46 silly mapToRegistry registry https://registry.npmjs.org/
47 silly mapToRegistry data Result {
47 silly mapToRegistry   raw: 'ionic',
47 silly mapToRegistry   scope: null,
47 silly mapToRegistry   name: 'ionic',
47 silly mapToRegistry   rawSpec: '',
47 silly mapToRegistry   spec: 'latest',
47 silly mapToRegistry   type: 'tag' }
48 silly mapToRegistry uri https://registry.npmjs.org/ionic
49 verbose addNameTag registry:https://registry.npmjs.org/ionic not in flight; fetching
50 verbose get https://registry.npmjs.org/ionic not expired, no request
51 silly addNameTag next cb for ionic with tag latest
52 silly addNamed ionic@1.7.15
53 verbose addNamed "1.7.15" is a plain semver version for ionic
54 silly mapToRegistry name ionic
55 silly mapToRegistry using default registry
56 silly mapToRegistry registry https://registry.npmjs.org/
57 silly mapToRegistry data Result {
57 silly mapToRegistry   raw: 'ionic',
57 silly mapToRegistry   scope: null,
57 silly mapToRegistry   name: 'ionic',
57 silly mapToRegistry   rawSpec: '',
57 silly mapToRegistry   spec: 'latest',
57 silly mapToRegistry   type: 'tag' }
58 silly mapToRegistry uri https://registry.npmjs.org/ionic
59 verbose addRemoteTarball https://registry.npmjs.org/ionic/-/ionic-1.7.15.tgz not in flight; adding
60 verbose addRemoteTarball [ 'https://registry.npmjs.org/ionic/-/ionic-1.7.15.tgz',
60 verbose addRemoteTarball   'fe83a72a60d03d667d0f3bb47a4210f57356c322' ]
61 info retry fetch attempt 1 at 16:29:39
62 info attempt registry request try #1 at 16:29:39
63 http fetch GET https://registry.npmjs.org/ionic/-/ionic-1.7.15.tgz
64 http fetch 200 https://registry.npmjs.org/ionic/-/ionic-1.7.15.tgz
65 info retry will retry, error on last attempt: Error: read ECONNRESET
66 info retry will retry, error on last attempt: Error: read ECONNRESET
67 silly fetchAndShaCheck shasum fe83a72a60d03d667d0f3bb47a4210f57356c322
68 silly rollbackFailedOptional Starting
69 silly rollbackFailedOptional Finishing
70 silly runTopLevelLifecycles Starting
71 silly runTopLevelLifecycles Finishing
72 silly install printInstalled
73 verbose stack Error: shasum check failed for /var/folders/rd/w4qvj_552t11hnbhqdp61dgm0000gn/T/npm-5828-af3c65cb/registry.npmjs.org/ionic/-/ionic-1.7.15.tgz
73 verbose stack Expected: fe83a72a60d03d667d0f3bb47a4210f57356c322
73 verbose stack Actual:   1bd8659b35c805836636a6e72bd355118873c9c9
73 verbose stack From:     https://registry.npmjs.org/ionic/-/ionic-1.7.15.tgz
73 verbose stack     at /usr/local/lib/node_modules/npm/node_modules/sha/index.js:25:8
73 verbose stack     at ReadStream.<anonymous> (/usr/local/lib/node_modules/npm/node_modules/sha/index.js:72:7)
73 verbose stack     at emitNone (events.js:85:20)
73 verbose stack     at ReadStream.emit (events.js:179:7)
73 verbose stack     at endReadableNT (_stream_readable.js:913:12)
73 verbose stack     at _combinedTickCallback (internal/process/next_tick.js:74:11)
73 verbose stack     at process._tickCallback (internal/process/next_tick.js:98:9)
74 verbose cwd /Users/chengaoxing/WebstormProjects/SoulLife
75 error Darwin 15.5.0
76 error argv "/usr/local/Cellar/node/5.10.0/bin/node" "/usr/local/bin/npm" "install" "-g" "ionic"
77 error node v5.10.0
78 error npm  v3.8.3
79 error shasum check failed for /var/folders/rd/w4qvj_552t11hnbhqdp61dgm0000gn/T/npm-5828-af3c65cb/registry.npmjs.org/ionic/-/ionic-1.7.15.tgz
79 error Expected: fe83a72a60d03d667d0f3bb47a4210f57356c322
79 error Actual:   1bd8659b35c805836636a6e72bd355118873c9c9
79 error From:     https://registry.npmjs.org/ionic/-/ionic-1.7.15.tgz
80 error If you need help, you may report this error at:
80 error     <https://github.com/npm/npm/issues>
81 verbose exit [ 1, true ]
